\BOOKMARK [0][-]{Doc-Start}{Certificate}{}% 1
\BOOKMARK [0][-]{chapter*.1}{Abstract}{}% 2
\BOOKMARK [0][-]{chapter*.1}{Declaration}{}% 3
\BOOKMARK [0][-]{chapter*.1}{Acknowledgement}{}% 4
\BOOKMARK [0][-]{chapter*.3}{toList of Figures}{}% 5
\BOOKMARK [0][-]{chapter*.4}{List of Tables}{}% 6
\BOOKMARK [0][-]{chapter*.5}{Abbreviations}{}% 7
\BOOKMARK [0][-]{chapter.1}{INTRODUCTION}{}% 8
\BOOKMARK [1][-]{section.1.1}{Introduction}{chapter.1}% 9
\BOOKMARK [2][-]{subsection.1.1.1}{Circuit Breaker Classification}{section.1.1}% 10
\BOOKMARK [1][-]{section.1.2}{Motivation}{chapter.1}% 11
\BOOKMARK [1][-]{section.1.3}{Objectives}{chapter.1}% 12
\BOOKMARK [1][-]{section.1.4}{Theme}{chapter.1}% 13
\BOOKMARK [1][-]{section.1.5}{Organization}{chapter.1}% 14
\BOOKMARK [0][-]{chapter.2}{LITERATURE SURVEY}{}% 15
\BOOKMARK [1][-]{section.2.1}{The Electric Arc}{chapter.2}% 16
\BOOKMARK [2][-]{subsection.2.1.1}{Time-intervals in the interruption process of an electric arc}{section.2.1}% 17
\BOOKMARK [1][-]{section.2.2}{Arc-Circuit Interaction}{chapter.2}% 18
\BOOKMARK [2][-]{subsection.2.2.1}{Thermal regime}{section.2.2}% 19
\BOOKMARK [2][-]{subsection.2.2.2}{Dielectric regime}{section.2.2}% 20
\BOOKMARK [1][-]{section.2.3}{Circuit Breaker Modeling during Opening Operations}{chapter.2}% 21
\BOOKMARK [1][-]{section.2.4}{Arc Modeling}{chapter.2}% 22
\BOOKMARK [2][-]{subsection.2.4.1}{Physical arc models \(PAM\)}{section.2.4}% 23
\BOOKMARK [2][-]{subsection.2.4.2}{Black box models \(BBM\)}{section.2.4}% 24
\BOOKMARK [3][-]{subsubsection.2.4.2.1}{Cassie model}{subsection.2.4.2}% 25
\BOOKMARK [3][-]{subsubsection.2.4.2.2}{Mayr model}{subsection.2.4.2}% 26
\BOOKMARK [3][-]{subsubsection.2.4.2.3}{Browne model}{subsection.2.4.2}% 27
\BOOKMARK [3][-]{subsubsection.2.4.2.4}{Avdonin model}{subsection.2.4.2}% 28
\BOOKMARK [3][-]{subsubsection.2.4.2.5}{Urbanek model}{subsection.2.4.2}% 29
\BOOKMARK [3][-]{subsubsection.2.4.2.6}{Kopplin model}{subsection.2.4.2}% 30
\BOOKMARK [2][-]{subsection.2.4.3}{Parameter models \(PM\)}{section.2.4}% 31
\BOOKMARK [1][-]{section.2.5}{Circuit Breaker Modeling During Closing}{chapter.2}% 32
\BOOKMARK [1][-]{section.2.6}{SF6 Circuit Breakers}{chapter.2}% 33
\BOOKMARK [2][-]{subsection.2.6.1}{Introduction}{section.2.6}% 34
\BOOKMARK [2][-]{subsection.2.6.2}{SF6 puffer circuit breakers}{section.2.6}% 35
\BOOKMARK [2][-]{subsection.2.6.3}{SF6 self-blast circuit breakers}{section.2.6}% 36
\BOOKMARK [1][-]{section.2.7}{Transient Recovery Voltage}{chapter.2}% 37
\BOOKMARK [2][-]{subsection.2.7.1}{Reactive equipment switching duty}{section.2.7}% 38
\BOOKMARK [3][-]{subsubsection.2.7.1.1}{First parallel oscillations}{subsection.2.7.1}% 39
\BOOKMARK [3][-]{subsubsection.2.7.1.2}{Second parallel oscillations}{subsection.2.7.1}% 40
\BOOKMARK [3][-]{subsubsection.2.7.1.3}{Main circuit oscillations}{subsection.2.7.1}% 41
\BOOKMARK [3][-]{subsubsection.2.7.1.4}{Source side oscillations}{subsection.2.7.1}% 42
\BOOKMARK [3][-]{subsubsection.2.7.1.5}{Load side oscillations}{subsection.2.7.1}% 43
\BOOKMARK [1][-]{section.2.8}{Time Definitions as per IEC}{chapter.2}% 44
\BOOKMARK [2][-]{subsection.2.8.1}{Contact resistance measurement}{section.2.8}% 45
\BOOKMARK [3][-]{subsubsection.2.8.1.1}{Static contact resistance measurement \(SCRM\)}{subsection.2.8.1}% 46
\BOOKMARK [3][-]{subsubsection.2.8.1.2}{Dynamic contact resistance measurement}{subsection.2.8.1}% 47
\BOOKMARK [1][-]{section.2.9}{Research Gap}{chapter.2}% 48
\BOOKMARK [0][-]{chapter.3}{SYSTEM DEVELOPMENT}{}% 49
\BOOKMARK [1][-]{section.3.1}{Computational Models}{chapter.3}% 50
\BOOKMARK [2][-]{subsection.3.1.1}{Interruption of Three Phase to Ground fault}{section.3.1}% 51
\BOOKMARK [2][-]{subsection.3.1.2}{Interruption of Single Phase to Ground fault}{section.3.1}% 52
\BOOKMARK [1][-]{section.3.2}{Analytical Models}{chapter.3}% 53
\BOOKMARK [2][-]{subsection.3.2.1}{Transient Recovery Voltage types}{section.3.2}% 54
\BOOKMARK [3][-]{subsubsection.3.2.1.1}{Three phase terminal fault}{subsection.3.2.1}% 55
\BOOKMARK [3][-]{subsubsection.3.2.1.2}{Exponential \(Overdamped\) TRV}{subsection.3.2.1}% 56
\BOOKMARK [3][-]{subsubsection.3.2.1.3}{Single frequency recovery voltage}{subsection.3.2.1}% 57
\BOOKMARK [2][-]{subsection.3.2.2}{Traveling waves}{section.3.2}% 58
\BOOKMARK [2][-]{subsection.3.2.3}{Short Line Fault}{section.3.2}% 59
\BOOKMARK [1][-]{section.3.3}{Mathematical Model}{chapter.3}% 60
\BOOKMARK [2][-]{subsection.3.3.1}{Contact resistance measurement method}{section.3.3}% 61
\BOOKMARK [2][-]{subsection.3.3.2}{DCRM signature analysis}{section.3.3}% 62
\BOOKMARK [2][-]{subsection.3.3.3}{Case studies}{section.3.3}% 63
\BOOKMARK [1][-]{section.3.4}{New Algorithm for Contact Condition Detection of SF6 CB}{chapter.3}% 64
\BOOKMARK [0][-]{chapter.4}{PERFORMANCE ANALYSIS}{}% 65
\BOOKMARK [1][-]{section.4.1}{Computational Analysis}{chapter.4}% 66
\BOOKMARK [2][-]{subsection.4.1.1}{Simulation results for case-I}{section.4.1}% 67
\BOOKMARK [2][-]{subsection.4.1.2}{Simulation results for case-II}{section.4.1}% 68
\BOOKMARK [2][-]{subsection.4.1.3}{Simulation results for case-III}{section.4.1}% 69
\BOOKMARK [2][-]{subsection.4.1.4}{Simulation results for arc interruption}{section.4.1}% 70
\BOOKMARK [1][-]{section.4.2}{Analytical Analysis}{chapter.4}% 71
\BOOKMARK [1][-]{section.4.3}{Comparison between Computational and Analytical Analysis}{chapter.4}% 72
\BOOKMARK [1][-]{section.4.4}{Validation of Algorithm}{chapter.4}% 73
\BOOKMARK [1][-]{section.4.5}{Justification for Difference}{chapter.4}% 74
\BOOKMARK [0][-]{chapter.5}{CONCLUSIONS}{}% 75
\BOOKMARK [1][-]{section.5.1}{Conclusions}{chapter.5}% 76
\BOOKMARK [1][-]{section.5.2}{Future Scope}{chapter.5}% 77
\BOOKMARK [1][-]{section.5.3}{Applications}{chapter.5}% 78
\BOOKMARK [1][-]{section.5.4}{Contributions}{chapter.5}% 79
\BOOKMARK [0][-]{chapter*.110}{Annexure A}{}% 80
\BOOKMARK [0][-]{section*.111}{Publications}{}% 81
\BOOKMARK [0][-]{Item.37}{References}{}% 82
